# JRE version: OpenJDK Runtime Environment (8.0_242-b01) (build 1.8.0_242-release-1644-b01)
# Java VM: OpenJDK 64-Bit Server VM (25.242-b01 mixed mode windows-amd64 compressed oops)
Heap:
 PSYoungGen      total 464896K, used 99273K [0x00000000d5580000, 0x00000000ff000000, 0x0000000100000000)
  eden space 432640K, 22% used [0x00000000d5580000,0x00000000db672668,0x00000000efc00000)
  from space 32256K, 0% used [0x00000000efc00000,0x00000000efc00000,0x00000000f1b80000)
  to   space 66048K, 0% used [0x00000000faf80000,0x00000000faf80000,0x00000000ff000000)
 ParOldGen       total 407552K, used 161187K [0x0000000080000000, 0x0000000098e00000, 0x00000000d5580000)
  object space 407552K, 39% used [0x0000000080000000,0x0000000089d68c60,0x0000000098e00000)
 Metaspace       used 83326K, capacity 87616K, committed 88472K, reserved 1126400K
  class space    used 11210K, capacity 11973K, committed 12208K, reserved 1048576K
GC Heap History (10 events):
Event: 104.609 GC heap before
{Heap before GC invocations=17 (full 3):
 PSYoungGen      total 283648K, used 283634K [0x00000000d5580000, 0x00000000ed500000, 0x0000000100000000)
  eden space 261120K, 100% used [0x00000000d5580000,0x00000000e5480000,0x00000000e5480000)
  from space 22528K, 99% used [0x00000000e5480000,0x00000000e6a7cb98,0x00000000e6a80000)
  to   space 33792K, 0% used [0x00000000eb400000,0x00000000eb400000,0x00000000ed500000)
 ParOldGen       total 201216K, used 76403K [0x0000000080000000, 0x000000008c480000, 0x00000000d5580000)
  object space 201216K, 37% used [0x0000000080000000,0x0000000084a9cf30,0x000000008c480000)
 Metaspace       used 81589K, capacity 85998K, committed 86296K, reserved 1124352K
  class space    used 11124K, capacity 11958K, committed 12080K, reserved 1048576K
Event: 104.657 GC heap after
Heap after GC invocations=17 (full 3):
 PSYoungGen      total 359936K, used 10718K [0x00000000d5580000, 0x00000000ee100000, 0x0000000100000000)
  eden space 326144K, 0% used [0x00000000d5580000,0x00000000d5580000,0x00000000e9400000)
  from space 33792K, 31% used [0x00000000eb400000,0x00000000ebe778f8,0x00000000ed500000)
  to   space 32768K, 0% used [0x00000000e9400000,0x00000000e9400000,0x00000000eb400000)
 ParOldGen       total 201216K, used 98116K [0x0000000080000000, 0x000000008c480000, 0x00000000d5580000)
  object space 201216K, 48% used [0x0000000080000000,0x0000000085fd1098,0x000000008c480000)
 Metaspace       used 81589K, capacity 85998K, committed 86296K, reserved 1124352K
  class space    used 11124K, capacity 11958K, committed 12080K, reserved 1048576K
}
Event: 106.034 GC heap before
{Heap before GC invocations=18 (full 3):
 PSYoungGen      total 359936K, used 336862K [0x00000000d5580000, 0x00000000ee100000, 0x0000000100000000)
  eden space 326144K, 100% used [0x00000000d5580000,0x00000000e9400000,0x00000000e9400000)
  from space 33792K, 31% used [0x00000000eb400000,0x00000000ebe778f8,0x00000000ed500000)
  to   space 32768K, 0% used [0x00000000e9400000,0x00000000e9400000,0x00000000eb400000)
 ParOldGen       total 201216K, used 98116K [0x0000000080000000, 0x000000008c480000, 0x00000000d5580000)
  object space 201216K, 48% used [0x0000000080000000,0x0000000085fd1098,0x000000008c480000)
 Metaspace       used 81918K, capacity 86522K, committed 86808K, reserved 1124352K
  class space    used 11170K, capacity 12030K, committed 12080K, reserved 1048576K
Event: 106.055 GC heap after
Heap after GC invocations=18 (full 3):
 PSYoungGen      total 358912K, used 5614K [0x00000000d5580000, 0x00000000f3b80000, 0x0000000100000000)
  eden space 326144K, 0% used [0x00000000d5580000,0x00000000d5580000,0x00000000e9400000)
  from space 32768K, 17% used [0x00000000e9400000,0x00000000e997b888,0x00000000eb400000)
  to   space 32768K, 0% used [0x00000000f1b80000,0x00000000f1b80000,0x00000000f3b80000)
 ParOldGen       total 201216K, used 105985K [0x0000000080000000, 0x000000008c480000, 0x00000000d5580000)
  object space 201216K, 52% used [0x0000000080000000,0x00000000867807e0,0x000000008c480000)
 Metaspace       used 81918K, capacity 86522K, committed 86808K, reserved 1124352K
  class space    used 11170K, capacity 12030K, committed 12080K, reserved 1048576K
}
Event: 107.768 GC heap before
{Heap before GC invocations=19 (full 3):
 PSYoungGen      total 358912K, used 331758K [0x00000000d5580000, 0x00000000f3b80000, 0x0000000100000000)
  eden space 326144K, 100% used [0x00000000d5580000,0x00000000e9400000,0x00000000e9400000)
  from space 32768K, 17% used [0x00000000e9400000,0x00000000e997b888,0x00000000eb400000)
  to   space 32768K, 0% used [0x00000000f1b80000,0x00000000f1b80000,0x00000000f3b80000)
 ParOldGen       total 201216K, used 105985K [0x0000000080000000, 0x000000008c480000, 0x00000000d5580000)
  object space 201216K, 52% used [0x0000000080000000,0x00000000867807e0,0x000000008c480000)
 Metaspace       used 82148K, capacity 86760K, committed 86808K, reserved 1124352K
  class space    used 11180K, capacity 12035K, committed 12080K, reserved 1048576K
Event: 107.791 GC heap after
Heap after GC invocations=19 (full 3):
 PSYoungGen      total 465408K, used 6599K [0x00000000d5580000, 0x00000000f3f00000, 0x0000000100000000)
  eden space 432640K, 0% used [0x00000000d5580000,0x00000000d5580000,0x00000000efc00000)
  from space 32768K, 20% used [0x00000000f1b80000,0x00000000f21f1ea8,0x00000000f3b80000)
  to   space 32256K, 0% used [0x00000000efc00000,0x00000000efc00000,0x00000000f1b80000)
 ParOldGen       total 201216K, used 109888K [0x0000000080000000, 0x000000008c480000, 0x00000000d5580000)
  object space 201216K, 54% used [0x0000000080000000,0x0000000086b50148,0x000000008c480000)
 Metaspace       used 82148K, capacity 86760K, committed 86808K, reserved 1124352K
  class space    used 11180K, capacity 12035K, committed 12080K, reserved 1048576K
}
Event: 114.871 GC heap before
{Heap before GC invocations=20 (full 3):
 PSYoungGen      total 465408K, used 439239K [0x00000000d5580000, 0x00000000f3f00000, 0x0000000100000000)
  eden space 432640K, 100% used [0x00000000d5580000,0x00000000efc00000,0x00000000efc00000)
  from space 32768K, 20% used [0x00000000f1b80000,0x00000000f21f1ea8,0x00000000f3b80000)
  to   space 32256K, 0% used [0x00000000efc00000,0x00000000efc00000,0x00000000f1b80000)
 ParOldGen       total 201216K, used 109888K [0x0000000080000000, 0x000000008c480000, 0x00000000d5580000)
  object space 201216K, 54% used [0x0000000080000000,0x0000000086b50148,0x000000008c480000)
 Metaspace       used 83618K, capacity 88356K, committed 88472K, reserved 1126400K
  class space    used 11317K, capacity 12165K, committed 12208K, reserved 1048576K
Event: 115.153 GC heap after
Heap after GC invocations=20 (full 3):
 PSYoungGen      total 464896K, used 32237K [0x00000000d5580000, 0x00000000ff000000, 0x0000000100000000)
  eden space 432640K, 0% used [0x00000000d5580000,0x00000000d5580000,0x00000000efc00000)
  from space 32256K, 99% used [0x00000000efc00000,0x00000000f1b7b708,0x00000000f1b80000)
  to   space 66048K, 0% used [0x00000000faf80000,0x00000000faf80000,0x00000000ff000000)
 ParOldGen       total 201216K, used 187377K [0x0000000080000000, 0x000000008c480000, 0x00000000d5580000)
  object space 201216K, 93% used [0x0000000080000000,0x000000008b6fc568,0x000000008c480000)
 Metaspace       used 83618K, capacity 88356K, committed 88472K, reserved 1126400K
  class space    used 11317K, capacity 12165K, committed 12208K, reserved 1048576K
}
Event: 115.153 GC heap before
{Heap before GC invocations=21 (full 4):
 PSYoungGen      total 464896K, used 32237K [0x00000000d5580000, 0x00000000ff000000, 0x0000000100000000)
  eden space 432640K, 0% used [0x00000000d5580000,0x00000000d5580000,0x00000000efc00000)
  from space 32256K, 99% used [0x00000000efc00000,0x00000000f1b7b708,0x00000000f1b80000)
  to   space 66048K, 0% used [0x00000000faf80000,0x00000000faf80000,0x00000000ff000000)
 ParOldGen       total 201216K, used 187377K [0x0000000080000000, 0x000000008c480000, 0x00000000d5580000)
  object space 201216K, 93% used [0x0000000080000000,0x000000008b6fc568,0x000000008c480000)
 Metaspace       used 83618K, capacity 88356K, committed 88472K, reserved 1126400K
  class space    used 11317K, capacity 12165K, committed 12208K, reserved 1048576K
Event: 116.397 GC heap after
Heap after GC invocations=21 (full 4):
 PSYoungGen      total 464896K, used 0K [0x00000000d5580000, 0x00000000ff000000, 0x0000000100000000)
  eden space 432640K, 0% used [0x00000000d5580000,0x00000000d5580000,0x00000000efc00000)
  from space 32256K, 0% used [0x00000000efc00000,0x00000000efc00000,0x00000000f1b80000)
  to   space 66048K, 0% used [0x00000000faf80000,0x00000000faf80000,0x00000000ff000000)
 ParOldGen       total 407552K, used 161187K [0x0000000080000000, 0x0000000098e00000, 0x00000000d5580000)
  object space 407552K, 39% used [0x0000000080000000,0x0000000089d68c60,0x0000000098e00000)
 Metaspace       used 83313K, capacity 87604K, committed 88472K, reserved 1126400K
  class space    used 11209K, capacity 11971K, committed 12208K, reserved 1048576K
}

